Content-Type: multipart/alternative; boundary="===============1279481856=="
MIME-Version: 1.0
Subject: Profile activation
From: test@example.com
To: vaarun@gmail.com
Date: Fri, 10 Apr 2020 14:06:11 -0000
Message-ID: <158652757147.38776.4389406587350015261@DESKTOP-HEHKS98>

--===============1279481856==
Content-Type: text/plain; charset="utf-8"
MIME-Version: 1.0
Content-Transfer-Encoding: 7bit



To activate your profile, please follow this link:

http://127.0.0.1:8000/login_register/activate/NVguMD8OI0z3RhXIKEVh/

--===============1279481856==
Content-Type: text/html; charset="utf-8"
MIME-Version: 1.0
Content-Transfer-Encoding: 7bit



<!DOCTYPE html PUBLIC "-//W3C//DTD XHTML 1.0 Transitional//EN"
        "http://www.w3.org/TR/xhtml1/DTD/xhtml1-transitional.dtd">
<html xmlns="http://www.w3.org/1999/xhtml" lang="">
<head>
    <meta http-equiv="Content-Type" content="text/html; charset=UTF-8"/>
    <title>Profile activation</title>
    <meta name="viewport" content="width=device-width, initial-scale=1.0"/>
</head>

<body>

<p>
    To activate your profile, please follow this link:
</p>

<p>
    <a href="http://127.0.0.1:8000/login_register/activate/NVguMD8OI0z3RhXIKEVh/">http://127.0.0.1:8000/login_register/activate/NVguMD8OI0z3RhXIKEVh/</a>
</p>

</body>

</html>

--===============1279481856==--

-------------------------------------------------------------------------------
